2024-10-25 17:34:34,809 [Worker-2: Loading available Gradle versions] INFO  o.e.b.c.i.u.g.PublishedGradleVersions - Gradle version information cache is up-to-date. Trying to read.
2024-10-25 17:41:05,135 [Worker-6: Launching mavenrun-bc70ba22-8b05-47aa-b059-a23f745ef2cd] INFO  o.eclipse.m2e.core.internal.Bundles - getClasspathEntries(Bundle=org.eclipse.m2e.maven.runtime_3.9.900.20240824-1409 [642])
2024-10-25 17:41:05,144 [Worker-6: Launching mavenrun-bc70ba22-8b05-47aa-b059-a23f745ef2cd] INFO  o.eclipse.m2e.core.internal.Bundles - 	Entry: C:\Users\jcrojas\.p2\pool\plugins\org.eclipse.m2e.maven.runtime_3.9.900.20240824-1409
2024-10-25 17:41:05,146 [Worker-6: Launching mavenrun-bc70ba22-8b05-47aa-b059-a23f745ef2cd] INFO  o.eclipse.m2e.core.internal.Bundles - 	Entry: C:\Users\jcrojas\.p2\pool\plugins\org.eclipse.m2e.maven.runtime_3.9.900.20240824-1409\jars\aopalliance-1.0.jar
2024-10-25 17:41:05,149 [Worker-6: Launching mavenrun-bc70ba22-8b05-47aa-b059-a23f745ef2cd] INFO  o.eclipse.m2e.core.internal.Bundles - 	Entry: C:\Users\jcrojas\.p2\pool\plugins\org.eclipse.m2e.maven.runtime_3.9.900.20240824-1409\jars\guice-5.1.0.jar
2024-10-25 17:41:05,151 [Worker-6: Launching mavenrun-bc70ba22-8b05-47aa-b059-a23f745ef2cd] INFO  o.eclipse.m2e.core.internal.Bundles - 	Entry: C:\Users\jcrojas\.p2\pool\plugins\org.eclipse.m2e.maven.runtime_3.9.900.20240824-1409\jars\httpclient-4.5.14.jar
2024-10-25 17:41:05,151 [Worker-6: Launching mavenrun-bc70ba22-8b05-47aa-b059-a23f745ef2cd] INFO  o.eclipse.m2e.core.internal.Bundles - 	Entry: C:\Users\jcrojas\.p2\pool\plugins\org.eclipse.m2e.maven.runtime_3.9.900.20240824-1409\jars\httpcore-4.4.16.jar
2024-10-25 17:41:05,152 [Worker-6: Launching mavenrun-bc70ba22-8b05-47aa-b059-a23f745ef2cd] INFO  o.eclipse.m2e.core.internal.Bundles - 	Entry: C:\Users\jcrojas\.p2\pool\plugins\org.eclipse.m2e.maven.runtime_3.9.900.20240824-1409\jars\jansi-2.4.1.jar
2024-10-25 17:41:05,152 [Worker-6: Launching mavenrun-bc70ba22-8b05-47aa-b059-a23f745ef2cd] INFO  o.eclipse.m2e.core.internal.Bundles - 	Entry: C:\Users\jcrojas\.p2\pool\plugins\org.eclipse.m2e.maven.runtime_3.9.900.20240824-1409\jars\jcl-over-slf4j-1.7.36.jar
2024-10-25 17:41:05,152 [Worker-6: Launching mavenrun-bc70ba22-8b05-47aa-b059-a23f745ef2cd] INFO  o.eclipse.m2e.core.internal.Bundles - 	Entry: C:\Users\jcrojas\.p2\pool\plugins\org.eclipse.m2e.maven.runtime_3.9.900.20240824-1409\jars\maven-artifact-3.9.9.jar
2024-10-25 17:41:05,152 [Worker-6: Launching mavenrun-bc70ba22-8b05-47aa-b059-a23f745ef2cd] INFO  o.eclipse.m2e.core.internal.Bundles - 	Entry: C:\Users\jcrojas\.p2\pool\plugins\org.eclipse.m2e.maven.runtime_3.9.900.20240824-1409\jars\maven-builder-support-3.9.9.jar
2024-10-25 17:41:05,153 [Worker-6: Launching mavenrun-bc70ba22-8b05-47aa-b059-a23f745ef2cd] INFO  o.eclipse.m2e.core.internal.Bundles - 	Entry: C:\Users\jcrojas\.p2\pool\plugins\org.eclipse.m2e.maven.runtime_3.9.900.20240824-1409\jars\maven-compat-3.9.9.jar
2024-10-25 17:41:05,153 [Worker-6: Launching mavenrun-bc70ba22-8b05-47aa-b059-a23f745ef2cd] INFO  o.eclipse.m2e.core.internal.Bundles - 	Entry: C:\Users\jcrojas\.p2\pool\plugins\org.eclipse.m2e.maven.runtime_3.9.900.20240824-1409\jars\maven-core-3.9.9.jar
2024-10-25 17:41:05,153 [Worker-6: Launching mavenrun-bc70ba22-8b05-47aa-b059-a23f745ef2cd] INFO  o.eclipse.m2e.core.internal.Bundles - 	Entry: C:\Users\jcrojas\.p2\pool\plugins\org.eclipse.m2e.maven.runtime_3.9.900.20240824-1409\jars\maven-embedder-3.9.9.jar
2024-10-25 17:41:05,153 [Worker-6: Launching mavenrun-bc70ba22-8b05-47aa-b059-a23f745ef2cd] INFO  o.eclipse.m2e.core.internal.Bundles - 	Entry: C:\Users\jcrojas\.p2\pool\plugins\org.eclipse.m2e.maven.runtime_3.9.900.20240824-1409\jars\maven-model-3.9.9.jar
2024-10-25 17:41:05,154 [Worker-6: Launching mavenrun-bc70ba22-8b05-47aa-b059-a23f745ef2cd] INFO  o.eclipse.m2e.core.internal.Bundles - 	Entry: C:\Users\jcrojas\.p2\pool\plugins\org.eclipse.m2e.maven.runtime_3.9.900.20240824-1409\jars\maven-model-builder-3.9.9.jar
2024-10-25 17:41:05,154 [Worker-6: Launching mavenrun-bc70ba22-8b05-47aa-b059-a23f745ef2cd] INFO  o.eclipse.m2e.core.internal.Bundles - 	Entry: C:\Users\jcrojas\.p2\pool\plugins\org.eclipse.m2e.maven.runtime_3.9.900.20240824-1409\jars\maven-plugin-api-3.9.9.jar
2024-10-25 17:41:05,154 [Worker-6: Launching mavenrun-bc70ba22-8b05-47aa-b059-a23f745ef2cd] INFO  o.eclipse.m2e.core.internal.Bundles - 	Entry: C:\Users\jcrojas\.p2\pool\plugins\org.eclipse.m2e.maven.runtime_3.9.900.20240824-1409\jars\maven-repository-metadata-3.9.9.jar
2024-10-25 17:41:05,155 [Worker-6: Launching mavenrun-bc70ba22-8b05-47aa-b059-a23f745ef2cd] INFO  o.eclipse.m2e.core.internal.Bundles - 	Entry: C:\Users\jcrojas\.p2\pool\plugins\org.eclipse.m2e.maven.runtime_3.9.900.20240824-1409\jars\maven-resolver-api-1.9.22.jar
2024-10-25 17:41:05,155 [Worker-6: Launching mavenrun-bc70ba22-8b05-47aa-b059-a23f745ef2cd] INFO  o.eclipse.m2e.core.internal.Bundles - 	Entry: C:\Users\jcrojas\.p2\pool\plugins\org.eclipse.m2e.maven.runtime_3.9.900.20240824-1409\jars\maven-resolver-connector-basic-1.9.22.jar
2024-10-25 17:41:05,155 [Worker-6: Launching mavenrun-bc70ba22-8b05-47aa-b059-a23f745ef2cd] INFO  o.eclipse.m2e.core.internal.Bundles - 	Entry: C:\Users\jcrojas\.p2\pool\plugins\org.eclipse.m2e.maven.runtime_3.9.900.20240824-1409\jars\maven-resolver-impl-1.9.22.jar
2024-10-25 17:41:05,155 [Worker-6: Launching mavenrun-bc70ba22-8b05-47aa-b059-a23f745ef2cd] INFO  o.eclipse.m2e.core.internal.Bundles - 	Entry: C:\Users\jcrojas\.p2\pool\plugins\org.eclipse.m2e.maven.runtime_3.9.900.20240824-1409\jars\maven-resolver-named-locks-1.9.22.jar
2024-10-25 17:41:05,155 [Worker-6: Launching mavenrun-bc70ba22-8b05-47aa-b059-a23f745ef2cd] INFO  o.eclipse.m2e.core.internal.Bundles - 	Entry: C:\Users\jcrojas\.p2\pool\plugins\org.eclipse.m2e.maven.runtime_3.9.900.20240824-1409\jars\maven-resolver-provider-3.9.9.jar
2024-10-25 17:41:05,156 [Worker-6: Launching mavenrun-bc70ba22-8b05-47aa-b059-a23f745ef2cd] INFO  o.eclipse.m2e.core.internal.Bundles - 	Entry: C:\Users\jcrojas\.p2\pool\plugins\org.eclipse.m2e.maven.runtime_3.9.900.20240824-1409\jars\maven-resolver-spi-1.9.22.jar
2024-10-25 17:41:05,156 [Worker-6: Launching mavenrun-bc70ba22-8b05-47aa-b059-a23f745ef2cd] INFO  o.eclipse.m2e.core.internal.Bundles - 	Entry: C:\Users\jcrojas\.p2\pool\plugins\org.eclipse.m2e.maven.runtime_3.9.900.20240824-1409\jars\maven-resolver-transport-file-1.9.22.jar
2024-10-25 17:41:05,156 [Worker-6: Launching mavenrun-bc70ba22-8b05-47aa-b059-a23f745ef2cd] INFO  o.eclipse.m2e.core.internal.Bundles - 	Entry: C:\Users\jcrojas\.p2\pool\plugins\org.eclipse.m2e.maven.runtime_3.9.900.20240824-1409\jars\maven-resolver-transport-http-1.9.22.jar
2024-10-25 17:41:05,156 [Worker-6: Launching mavenrun-bc70ba22-8b05-47aa-b059-a23f745ef2cd] INFO  o.eclipse.m2e.core.internal.Bundles - 	Entry: C:\Users\jcrojas\.p2\pool\plugins\org.eclipse.m2e.maven.runtime_3.9.900.20240824-1409\jars\maven-resolver-transport-wagon-1.9.22.jar
2024-10-25 17:41:05,157 [Worker-6: Launching mavenrun-bc70ba22-8b05-47aa-b059-a23f745ef2cd] INFO  o.eclipse.m2e.core.internal.Bundles - 	Entry: C:\Users\jcrojas\.p2\pool\plugins\org.eclipse.m2e.maven.runtime_3.9.900.20240824-1409\jars\maven-resolver-util-1.9.22.jar
2024-10-25 17:41:05,157 [Worker-6: Launching mavenrun-bc70ba22-8b05-47aa-b059-a23f745ef2cd] INFO  o.eclipse.m2e.core.internal.Bundles - 	Entry: C:\Users\jcrojas\.p2\pool\plugins\org.eclipse.m2e.maven.runtime_3.9.900.20240824-1409\jars\maven-settings-3.9.9.jar
2024-10-25 17:41:05,157 [Worker-6: Launching mavenrun-bc70ba22-8b05-47aa-b059-a23f745ef2cd] INFO  o.eclipse.m2e.core.internal.Bundles - 	Entry: C:\Users\jcrojas\.p2\pool\plugins\org.eclipse.m2e.maven.runtime_3.9.900.20240824-1409\jars\maven-settings-builder-3.9.9.jar
2024-10-25 17:41:05,157 [Worker-6: Launching mavenrun-bc70ba22-8b05-47aa-b059-a23f745ef2cd] INFO  o.eclipse.m2e.core.internal.Bundles - 	Entry: C:\Users\jcrojas\.p2\pool\plugins\org.eclipse.m2e.maven.runtime_3.9.900.20240824-1409\jars\maven-shared-utils-3.4.2.jar
2024-10-25 17:41:05,158 [Worker-6: Launching mavenrun-bc70ba22-8b05-47aa-b059-a23f745ef2cd] INFO  o.eclipse.m2e.core.internal.Bundles - 	Entry: C:\Users\jcrojas\.p2\pool\plugins\org.eclipse.m2e.maven.runtime_3.9.900.20240824-1409\jars\org.eclipse.sisu.inject-0.9.0.M3.jar
2024-10-25 17:41:05,158 [Worker-6: Launching mavenrun-bc70ba22-8b05-47aa-b059-a23f745ef2cd] INFO  o.eclipse.m2e.core.internal.Bundles - 	Entry: C:\Users\jcrojas\.p2\pool\plugins\org.eclipse.m2e.maven.runtime_3.9.900.20240824-1409\jars\org.eclipse.sisu.plexus-0.9.0.M3.jar
2024-10-25 17:41:05,158 [Worker-6: Launching mavenrun-bc70ba22-8b05-47aa-b059-a23f745ef2cd] INFO  o.eclipse.m2e.core.internal.Bundles - 	Entry: C:\Users\jcrojas\.p2\pool\plugins\org.eclipse.m2e.maven.runtime_3.9.900.20240824-1409\jars\plexus-build-api-0.0.7.jar
2024-10-25 17:41:05,159 [Worker-6: Launching mavenrun-bc70ba22-8b05-47aa-b059-a23f745ef2cd] INFO  o.eclipse.m2e.core.internal.Bundles - 	Entry: C:\Users\jcrojas\.p2\pool\plugins\org.eclipse.m2e.maven.runtime_3.9.900.20240824-1409\jars\plexus-build-api-1.2.0.jar
2024-10-25 17:41:05,160 [Worker-6: Launching mavenrun-bc70ba22-8b05-47aa-b059-a23f745ef2cd] INFO  o.eclipse.m2e.core.internal.Bundles - 	Entry: C:\Users\jcrojas\.p2\pool\plugins\org.eclipse.m2e.maven.runtime_3.9.900.20240824-1409\jars\plexus-cipher-2.0.jar
2024-10-25 17:41:05,160 [Worker-6: Launching mavenrun-bc70ba22-8b05-47aa-b059-a23f745ef2cd] INFO  o.eclipse.m2e.core.internal.Bundles - 	Entry: C:\Users\jcrojas\.p2\pool\plugins\org.eclipse.m2e.maven.runtime_3.9.900.20240824-1409\jars\plexus-classworlds-2.8.0.jar
2024-10-25 17:41:05,161 [Worker-6: Launching mavenrun-bc70ba22-8b05-47aa-b059-a23f745ef2cd] INFO  o.eclipse.m2e.core.internal.Bundles - 	Entry: C:\Users\jcrojas\.p2\pool\plugins\org.eclipse.m2e.maven.runtime_3.9.900.20240824-1409\jars\plexus-component-annotations-2.1.0.jar
2024-10-25 17:41:05,161 [Worker-6: Launching mavenrun-bc70ba22-8b05-47aa-b059-a23f745ef2cd] INFO  o.eclipse.m2e.core.internal.Bundles - 	Entry: C:\Users\jcrojas\.p2\pool\plugins\org.eclipse.m2e.maven.runtime_3.9.900.20240824-1409\jars\plexus-interpolation-1.27.jar
2024-10-25 17:41:05,161 [Worker-6: Launching mavenrun-bc70ba22-8b05-47aa-b059-a23f745ef2cd] INFO  o.eclipse.m2e.core.internal.Bundles - 	Entry: C:\Users\jcrojas\.p2\pool\plugins\org.eclipse.m2e.maven.runtime_3.9.900.20240824-1409\jars\plexus-sec-dispatcher-2.0.jar
2024-10-25 17:41:05,162 [Worker-6: Launching mavenrun-bc70ba22-8b05-47aa-b059-a23f745ef2cd] INFO  o.eclipse.m2e.core.internal.Bundles - 	Entry: C:\Users\jcrojas\.p2\pool\plugins\org.eclipse.m2e.maven.runtime_3.9.900.20240824-1409\jars\plexus-utils-3.5.1.jar
2024-10-25 17:41:05,162 [Worker-6: Launching mavenrun-bc70ba22-8b05-47aa-b059-a23f745ef2cd] INFO  o.eclipse.m2e.core.internal.Bundles - 	Entry: C:\Users\jcrojas\.p2\pool\plugins\org.eclipse.m2e.maven.runtime_3.9.900.20240824-1409\jars\plexus-xml-3.0.1.jar
2024-10-25 17:41:05,162 [Worker-6: Launching mavenrun-bc70ba22-8b05-47aa-b059-a23f745ef2cd] INFO  o.eclipse.m2e.core.internal.Bundles - 	Entry: C:\Users\jcrojas\.p2\pool\plugins\org.eclipse.m2e.maven.runtime_3.9.900.20240824-1409\jars\wagon-file-3.5.3.jar
2024-10-25 17:41:05,163 [Worker-6: Launching mavenrun-bc70ba22-8b05-47aa-b059-a23f745ef2cd] INFO  o.eclipse.m2e.core.internal.Bundles - 	Entry: C:\Users\jcrojas\.p2\pool\plugins\org.eclipse.m2e.maven.runtime_3.9.900.20240824-1409\jars\wagon-http-3.5.3.jar
2024-10-25 17:41:05,163 [Worker-6: Launching mavenrun-bc70ba22-8b05-47aa-b059-a23f745ef2cd] INFO  o.eclipse.m2e.core.internal.Bundles - 	Entry: C:\Users\jcrojas\.p2\pool\plugins\org.eclipse.m2e.maven.runtime_3.9.900.20240824-1409\jars\wagon-http-shared-3.5.3.jar
2024-10-25 17:41:05,163 [Worker-6: Launching mavenrun-bc70ba22-8b05-47aa-b059-a23f745ef2cd] INFO  o.eclipse.m2e.core.internal.Bundles - 	Entry: C:\Users\jcrojas\.p2\pool\plugins\org.eclipse.m2e.maven.runtime_3.9.900.20240824-1409\jars\wagon-provider-api-3.5.3.jar
2024-10-25 17:41:05,165 [Worker-6: Launching mavenrun-bc70ba22-8b05-47aa-b059-a23f745ef2cd] INFO  o.eclipse.m2e.core.internal.Bundles - getClasspathEntries(Bundle=com.google.guava_33.3.0.jre [16])
2024-10-25 17:41:05,166 [Worker-6: Launching mavenrun-bc70ba22-8b05-47aa-b059-a23f745ef2cd] INFO  o.eclipse.m2e.core.internal.Bundles - 	Entry: C:\Users\jcrojas\.p2\pool\plugins\com.google.guava_33.3.0.jre.jar
2024-10-25 17:41:05,166 [Worker-6: Launching mavenrun-bc70ba22-8b05-47aa-b059-a23f745ef2cd] INFO  o.eclipse.m2e.core.internal.Bundles - getClasspathEntries(Bundle=slf4j.api_2.0.16 [1007])
2024-10-25 17:41:05,166 [Worker-6: Launching mavenrun-bc70ba22-8b05-47aa-b059-a23f745ef2cd] INFO  o.eclipse.m2e.core.internal.Bundles - 	Entry: C:\Users\jcrojas\.p2\pool\plugins\slf4j.api_2.0.16.jar
2024-10-25 17:41:05,166 [Worker-6: Launching mavenrun-bc70ba22-8b05-47aa-b059-a23f745ef2cd] INFO  o.eclipse.m2e.core.internal.Bundles - getClasspathEntries(Bundle=jakarta.inject.jakarta.inject-api_1.0.5 [34])
2024-10-25 17:41:05,167 [Worker-6: Launching mavenrun-bc70ba22-8b05-47aa-b059-a23f745ef2cd] INFO  o.eclipse.m2e.core.internal.Bundles - 	Entry: C:\Users\jcrojas\.p2\pool\plugins\jakarta.inject.jakarta.inject-api_1.0.5.jar
2024-10-25 17:41:05,167 [Worker-6: Launching mavenrun-bc70ba22-8b05-47aa-b059-a23f745ef2cd] INFO  o.eclipse.m2e.core.internal.Bundles - getClasspathEntries(Bundle=jakarta.annotation-api_1.3.5 [29])
2024-10-25 17:41:05,167 [Worker-6: Launching mavenrun-bc70ba22-8b05-47aa-b059-a23f745ef2cd] INFO  o.eclipse.m2e.core.internal.Bundles - 	Entry: C:\Users\jcrojas\.p2\pool\plugins\jakarta.annotation-api_1.3.5.jar
2024-10-25 17:41:05,167 [Worker-6: Launching mavenrun-bc70ba22-8b05-47aa-b059-a23f745ef2cd] INFO  o.eclipse.m2e.core.internal.Bundles - getClasspathEntries(Bundle=org.apache.commons.cli_1.9.0 [78])
2024-10-25 17:41:05,168 [Worker-6: Launching mavenrun-bc70ba22-8b05-47aa-b059-a23f745ef2cd] INFO  o.eclipse.m2e.core.internal.Bundles - 	Entry: C:\Users\jcrojas\.p2\pool\plugins\org.apache.commons.cli_1.9.0.jar
2024-10-25 17:41:05,168 [Worker-6: Launching mavenrun-bc70ba22-8b05-47aa-b059-a23f745ef2cd] INFO  o.eclipse.m2e.core.internal.Bundles - getClasspathEntries(Bundle=org.apache.commons.commons-codec_1.16.0 [81])
2024-10-25 17:41:05,168 [Worker-6: Launching mavenrun-bc70ba22-8b05-47aa-b059-a23f745ef2cd] INFO  o.eclipse.m2e.core.internal.Bundles - 	Entry: C:\Users\jcrojas\.p2\pool\plugins\org.apache.commons.commons-codec_1.16.0.jar
2024-10-25 17:41:05,168 [Worker-6: Launching mavenrun-bc70ba22-8b05-47aa-b059-a23f745ef2cd] INFO  o.eclipse.m2e.core.internal.Bundles - getClasspathEntries(Bundle=com.google.guava.failureaccess_1.0.2 [17])
2024-10-25 17:41:05,169 [Worker-6: Launching mavenrun-bc70ba22-8b05-47aa-b059-a23f745ef2cd] INFO  o.eclipse.m2e.core.internal.Bundles - 	Entry: C:\Users\jcrojas\.p2\pool\plugins\com.google.guava.failureaccess_1.0.2.jar
2024-10-25 17:41:05,192 [Worker-6: Launching mavenrun-bc70ba22-8b05-47aa-b059-a23f745ef2cd] INFO  o.e.m.i.launch.MavenLaunchDelegate - Run build in "C:\Users\jcrojas\AppData\Local\Temp\m2e-archetypeGenerator6015610002004024941":
2024-10-25 17:41:05,197 [Worker-6: Launching mavenrun-bc70ba22-8b05-47aa-b059-a23f745ef2cd] INFO  o.e.m.i.launch.MavenLaunchDelegate -  mvn  -DarchetypeGroupId=org.apache.maven.archetypes -DarchetypeArtifactId=maven-archetype-webapp -DarchetypeVersion=1.5 -DgroupId=co.gov.sfc -DartifactId=RepoGit -Dversion=0.0.1-SNAPSHOT -Dpackage=co.gov.sfc.RepoGit -DoutputDirectory="D:\OneDrive - Superfinanciera\Pensiones\app\SitioRepoGitHub" -Dstyle.color=always -U archetype:generate
2024-10-25 17:41:50,724 [Worker-15: Creating maven-archetype-webapp] INFO  o.e.m.c.i.p.ProjectConfigurationManager - Collecting project info '/pom.xml' D:\OneDrive - Superfinanciera\Pensiones\app\SitioRepoGitHub\RepoGit\pom.xml
2024-10-25 17:41:51,907 [Worker-15: Creating maven-archetype-webapp] INFO  o.e.m.c.i.l.LifecycleMappingFactory - Using org.maven.ide.eclipse.wtp.WarLifecycleMapping lifecycle mapping for MavenProject: co.gov.sfc:RepoGit:0.0.1-SNAPSHOT @ D:\OneDrive - Superfinanciera\Pensiones\app\SitioRepoGitHub\RepoGit\pom.xml.
2024-10-25 17:41:53,633 [Worker-15: Creating maven-archetype-webapp] INFO  o.e.m.j.i.AbstractJavaProjectConfigurator - Adding source folder /RepoGit/src/main/java
2024-10-25 17:41:53,638 [Worker-15: Creating maven-archetype-webapp] INFO  o.e.m.j.i.AbstractJavaProjectConfigurator - Adding resource folder /RepoGit/src/main/resources
2024-10-25 17:41:53,639 [Worker-15: Creating maven-archetype-webapp] INFO  o.e.m.j.i.AbstractJavaProjectConfigurator - Adding source folder /RepoGit/src/test/java
2024-10-25 17:41:53,641 [Worker-15: Creating maven-archetype-webapp] INFO  o.e.m.j.i.AbstractJavaProjectConfigurator - Adding resource folder /RepoGit/src/test/resources
2024-10-25 17:41:55,825 [Worker-15: Creating maven-archetype-webapp] INFO  o.e.m.c.i.p.ProjectConfigurationManager - Imported and configured 1 project(s) in 5 sec
2024-10-25 17:41:57,144 [Worker-15: Building] INFO  o.a.m.s.f.DefaultMavenResourcesFiltering - skip non existing resourceDirectory D:\OneDrive - Superfinanciera\Pensiones\app\SitioRepoGitHub\RepoGit\src\main\resources
2024-10-25 17:41:57,155 [Worker-15: Building] INFO  o.a.m.s.f.DefaultMavenResourcesFiltering - skip non existing resourceDirectory D:\OneDrive - Superfinanciera\Pensiones\app\SitioRepoGitHub\RepoGit\src\test\resources
